-------------------------------------------------------------------------------
Test set: com.unrc.app.TestSuite
-------------------------------------------------------------------------------
Tests run: 13, Failures: 0, Errors: 12, Skipped: 0, Time elapsed: 0.252 sec <<< FAILURE!
shouldValidateMandatoryFields(com.unrc.app.UserSpec)  Time elapsed: 0.195 sec  <<< ERROR!
org.javalite.activejdbc.InitException: com.mysql.jdbc.exceptions.MySQLSyntaxErrorException: Unknown database 'inmoapp_development_test'
	at com.mysql.jdbc.SQLError.createSQLException(SQLError.java:936)
	at com.mysql.jdbc.MysqlIO.checkErrorPacket(MysqlIO.java:2870)
	at com.mysql.jdbc.MysqlIO.checkErrorPacket(MysqlIO.java:812)
	at com.mysql.jdbc.MysqlIO.secureAuth411(MysqlIO.java:3269)
	at com.mysql.jdbc.MysqlIO.doHandshake(MysqlIO.java:1182)
	at com.mysql.jdbc.Connection.createNewIO(Connection.java:2670)
	at com.mysql.jdbc.Connection.<init>(Connection.java:1531)
	at com.mysql.jdbc.NonRegisteringDriver.connect(NonRegisteringDriver.java:266)
	at java.sql.DriverManager.getConnection(DriverManager.java:620)
	at java.sql.DriverManager.getConnection(DriverManager.java:200)
	at org.javalite.activejdbc.DB.open(DB.java:64)
	at org.javalite.activejdbc.Base.open(Base.java:51)
	at com.unrc.app.UserSpec.before(UserSpec.java:16)

shouldValidateMandatoryFields(com.unrc.app.UserSpec)  Time elapsed: 0.198 sec  <<< ERROR!
org.javalite.activejdbc.DBException: Cannot rollback transaction, connection 'default' not available
	at org.javalite.activejdbc.DB.rollbackTransaction(DB.java:587)
	at org.javalite.activejdbc.Base.rollbackTransaction(Base.java:296)
	at com.unrc.app.UserSpec.after(UserSpec.java:22)

shouldValidateMandatoryFields(com.unrc.app.OwnerSpec)  Time elapsed: 0.01 sec  <<< ERROR!
org.javalite.activejdbc.InitException: com.mysql.jdbc.exceptions.MySQLSyntaxErrorException: Unknown database 'inmoapp_development_test'
	at com.mysql.jdbc.SQLError.createSQLException(SQLError.java:936)
	at com.mysql.jdbc.MysqlIO.checkErrorPacket(MysqlIO.java:2870)
	at com.mysql.jdbc.MysqlIO.checkErrorPacket(MysqlIO.java:812)
	at com.mysql.jdbc.MysqlIO.secureAuth411(MysqlIO.java:3269)
	at com.mysql.jdbc.MysqlIO.doHandshake(MysqlIO.java:1182)
	at com.mysql.jdbc.Connection.createNewIO(Connection.java:2670)
	at com.mysql.jdbc.Connection.<init>(Connection.java:1531)
	at com.mysql.jdbc.NonRegisteringDriver.connect(NonRegisteringDriver.java:266)
	at java.sql.DriverManager.getConnection(DriverManager.java:620)
	at java.sql.DriverManager.getConnection(DriverManager.java:200)
	at org.javalite.activejdbc.DB.open(DB.java:64)
	at org.javalite.activejdbc.Base.open(Base.java:51)
	at com.unrc.app.OwnerSpec.before(OwnerSpec.java:16)

shouldValidateMandatoryFields(com.unrc.app.OwnerSpec)  Time elapsed: 0.01 sec  <<< ERROR!
org.javalite.activejdbc.DBException: Cannot rollback transaction, connection 'default' not available
	at org.javalite.activejdbc.DB.rollbackTransaction(DB.java:587)
	at org.javalite.activejdbc.Base.rollbackTransaction(Base.java:296)
	at com.unrc.app.OwnerSpec.after(OwnerSpec.java:22)

shouldSaveRecord(com.unrc.app.OwnerSpec)  Time elapsed: 0.001 sec  <<< ERROR!
org.javalite.activejdbc.InitException: com.mysql.jdbc.exceptions.MySQLSyntaxErrorException: Unknown database 'inmoapp_development_test'
	at com.mysql.jdbc.SQLError.createSQLException(SQLError.java:936)
	at com.mysql.jdbc.MysqlIO.checkErrorPacket(MysqlIO.java:2870)
	at com.mysql.jdbc.MysqlIO.checkErrorPacket(MysqlIO.java:812)
	at com.mysql.jdbc.MysqlIO.secureAuth411(MysqlIO.java:3269)
	at com.mysql.jdbc.MysqlIO.doHandshake(MysqlIO.java:1182)
	at com.mysql.jdbc.Connection.createNewIO(Connection.java:2670)
	at com.mysql.jdbc.Connection.<init>(Connection.java:1531)
	at com.mysql.jdbc.NonRegisteringDriver.connect(NonRegisteringDriver.java:266)
	at java.sql.DriverManager.getConnection(DriverManager.java:620)
	at java.sql.DriverManager.getConnection(DriverManager.java:200)
	at org.javalite.activejdbc.DB.open(DB.java:64)
	at org.javalite.activejdbc.Base.open(Base.java:51)
	at com.unrc.app.OwnerSpec.before(OwnerSpec.java:16)

shouldSaveRecord(com.unrc.app.OwnerSpec)  Time elapsed: 0.002 sec  <<< ERROR!
org.javalite.activejdbc.DBException: Cannot rollback transaction, connection 'default' not available
	at org.javalite.activejdbc.DB.rollbackTransaction(DB.java:587)
	at org.javalite.activejdbc.Base.rollbackTransaction(Base.java:296)
	at com.unrc.app.OwnerSpec.after(OwnerSpec.java:22)

shouldValidateMandatoryFields(com.unrc.app.BuildingSpec)  Time elapsed: 0.004 sec  <<< ERROR!
org.javalite.activejdbc.InitException: com.mysql.jdbc.exceptions.MySQLSyntaxErrorException: Unknown database 'inmoapp_development_test'
	at com.mysql.jdbc.SQLError.createSQLException(SQLError.java:936)
	at com.mysql.jdbc.MysqlIO.checkErrorPacket(MysqlIO.java:2870)
	at com.mysql.jdbc.MysqlIO.checkErrorPacket(MysqlIO.java:812)
	at com.mysql.jdbc.MysqlIO.secureAuth411(MysqlIO.java:3269)
	at com.mysql.jdbc.MysqlIO.doHandshake(MysqlIO.java:1182)
	at com.mysql.jdbc.Connection.createNewIO(Connection.java:2670)
	at com.mysql.jdbc.Connection.<init>(Connection.java:1531)
	at com.mysql.jdbc.NonRegisteringDriver.connect(NonRegisteringDriver.java:266)
	at java.sql.DriverManager.getConnection(DriverManager.java:620)
	at java.sql.DriverManager.getConnection(DriverManager.java:200)
	at org.javalite.activejdbc.DB.open(DB.java:64)
	at org.javalite.activejdbc.Base.open(Base.java:51)
	at com.unrc.app.BuildingSpec.before(BuildingSpec.java:16)

shouldValidateMandatoryFields(com.unrc.app.BuildingSpec)  Time elapsed: 0.005 sec  <<< ERROR!
org.javalite.activejdbc.DBException: Cannot rollback transaction, connection 'default' not available
	at org.javalite.activejdbc.DB.rollbackTransaction(DB.java:587)
	at org.javalite.activejdbc.Base.rollbackTransaction(Base.java:296)
	at com.unrc.app.BuildingSpec.after(BuildingSpec.java:22)

shouldValidateMandatoryFields(com.unrc.app.CitySpec)  Time elapsed: 0.015 sec  <<< ERROR!
org.javalite.activejdbc.InitException: com.mysql.jdbc.exceptions.MySQLSyntaxErrorException: Unknown database 'inmoapp_development_test'
	at com.mysql.jdbc.SQLError.createSQLException(SQLError.java:936)
	at com.mysql.jdbc.MysqlIO.checkErrorPacket(MysqlIO.java:2870)
	at com.mysql.jdbc.MysqlIO.checkErrorPacket(MysqlIO.java:812)
	at com.mysql.jdbc.MysqlIO.secureAuth411(MysqlIO.java:3269)
	at com.mysql.jdbc.MysqlIO.doHandshake(MysqlIO.java:1182)
	at com.mysql.jdbc.Connection.createNewIO(Connection.java:2670)
	at com.mysql.jdbc.Connection.<init>(Connection.java:1531)
	at com.mysql.jdbc.NonRegisteringDriver.connect(NonRegisteringDriver.java:266)
	at java.sql.DriverManager.getConnection(DriverManager.java:620)
	at java.sql.DriverManager.getConnection(DriverManager.java:200)
	at org.javalite.activejdbc.DB.open(DB.java:64)
	at org.javalite.activejdbc.Base.open(Base.java:51)
	at com.unrc.app.CitySpec.before(CitySpec.java:16)

shouldValidateMandatoryFields(com.unrc.app.CitySpec)  Time elapsed: 0.016 sec  <<< ERROR!
org.javalite.activejdbc.DBException: Cannot rollback transaction, connection 'default' not available
	at org.javalite.activejdbc.DB.rollbackTransaction(DB.java:587)
	at org.javalite.activejdbc.Base.rollbackTransaction(Base.java:296)
	at com.unrc.app.CitySpec.after(CitySpec.java:22)

shouldValidateMandatoryFields(com.unrc.app.RealEstateSpec)  Time elapsed: 0.007 sec  <<< ERROR!
org.javalite.activejdbc.InitException: com.mysql.jdbc.exceptions.MySQLSyntaxErrorException: Unknown database 'inmoapp_development_test'
	at com.mysql.jdbc.SQLError.createSQLException(SQLError.java:936)
	at com.mysql.jdbc.MysqlIO.checkErrorPacket(MysqlIO.java:2870)
	at com.mysql.jdbc.MysqlIO.checkErrorPacket(MysqlIO.java:812)
	at com.mysql.jdbc.MysqlIO.secureAuth411(MysqlIO.java:3269)
	at com.mysql.jdbc.MysqlIO.doHandshake(MysqlIO.java:1182)
	at com.mysql.jdbc.Connection.createNewIO(Connection.java:2670)
	at com.mysql.jdbc.Connection.<init>(Connection.java:1531)
	at com.mysql.jdbc.NonRegisteringDriver.connect(NonRegisteringDriver.java:266)
	at java.sql.DriverManager.getConnection(DriverManager.java:620)
	at java.sql.DriverManager.getConnection(DriverManager.java:200)
	at org.javalite.activejdbc.DB.open(DB.java:64)
	at org.javalite.activejdbc.Base.open(Base.java:51)
	at com.unrc.app.RealEstateSpec.before(RealEstateSpec.java:16)

shouldValidateMandatoryFields(com.unrc.app.RealEstateSpec)  Time elapsed: 0.008 sec  <<< ERROR!
org.javalite.activejdbc.DBException: Cannot rollback transaction, connection 'default' not available
	at org.javalite.activejdbc.DB.rollbackTransaction(DB.java:587)
	at org.javalite.activejdbc.Base.rollbackTransaction(Base.java:296)
	at com.unrc.app.RealEstateSpec.after(RealEstateSpec.java:22)

