<?xml version="1.0" encoding="UTF-8"?>
<testsuite name="com.unrc.app.TestSuite" time="0.985" tests="10" errors="0" skipped="0" failures="0">
  <properties>
[...]
</properties>
  <testcase name="testTest" classname="com.unrc.app.InmoTest" time="0"/>
  <testcase name="shouldValidateMandatoryFields" classname="com.unrc.app.UserSpec" time="0.626"/>
  <testcase name="shouldSaveRecord" classname="com.unrc.app.OwnerSpec" time="0.101"/>
  <testcase name="shouldValidateMandatoryFields" classname="com.unrc.app.OwnerSpec" time="0.042"/>
  <testcase name="shouldSaveRecord" classname="com.unrc.app.BuildingSpec" time="0.04"/>
  <testcase name="shouldValidateMandatoryFields" classname="com.unrc.app.BuildingSpec" time="0.058"/>
  <testcase name="shouldSaveRecord" classname="com.unrc.app.CitySpec" time="0.034"/>
  <testcase name="shouldValidateMandatoryFields" classname="com.unrc.app.CitySpec" time="0.018"/>
  <testcase name="shouldSaveRecord" classname="com.unrc.app.RealEstateSpec" time="0.045"/>
  <testcase name="shouldValidateMandatoryFields" classname="com.unrc.app.RealEstateSpec" time="0.021"/>
</testsuite>