<?xml version="1.0" encoding="UTF-8"?>
<testsuite name="com.unrc.app.TestSuite" time="0.471" tests="13" errors="12" skipped="0" failures="0">
  <properties>
[...]
</properties>
  <testcase name="testTest" classname="com.unrc.app.InmoTest" time="0"/>
  <testcase name="shouldValidateMandatoryFields" classname="com.unrc.app.UserSpec" time="0.195">
    <error message="com.mysql.jdbc.exceptions.MySQLSyntaxErrorException: Unknown database &apos;inmoapp_development_test&apos;" type="org.javalite.activejdbc.InitException"><![CDATA[org.javalite.activejdbc.InitException: com.mysql.jdbc.exceptions.MySQLSyntaxErrorException: Unknown database 'inmoapp_development_test'
	at com.mysql.jdbc.SQLError.createSQLException(SQLError.java:936)
	at com.mysql.jdbc.MysqlIO.checkErrorPacket(MysqlIO.java:2870)
	at com.mysql.jdbc.MysqlIO.checkErrorPacket(MysqlIO.java:812)
	at com.mysql.jdbc.MysqlIO.secureAuth411(MysqlIO.java:3269)
	at com.mysql.jdbc.MysqlIO.doHandshake(MysqlIO.java:1182)
	at com.mysql.jdbc.Connection.createNewIO(Connection.java:2670)
	at com.mysql.jdbc.Connection.<init>(Connection.java:1531)
	at com.mysql.jdbc.NonRegisteringDriver.connect(NonRegisteringDriver.java:266)
	at java.sql.DriverManager.getConnection(DriverManager.java:620)
	at java.sql.DriverManager.getConnection(DriverManager.java:200)
	at org.javalite.activejdbc.DB.open(DB.java:64)
	at org.javalite.activejdbc.Base.open(Base.java:51)
	at com.unrc.app.UserSpec.before(UserSpec.java:16)
]]></error>
  </testcase>
  <testcase name="shouldValidateMandatoryFields" classname="com.unrc.app.UserSpec" time="0.198">
    <error message="Cannot rollback transaction, connection &apos;default&apos; not available" type="org.javalite.activejdbc.DBException">org.javalite.activejdbc.DBException: Cannot rollback transaction, connection 'default' not available
	at org.javalite.activejdbc.DB.rollbackTransaction(DB.java:587)
	at org.javalite.activejdbc.Base.rollbackTransaction(Base.java:296)
	at com.unrc.app.UserSpec.after(UserSpec.java:22)
</error>
  </testcase>
  <testcase name="shouldValidateMandatoryFields" classname="com.unrc.app.OwnerSpec" time="0.01">
    <error message="com.mysql.jdbc.exceptions.MySQLSyntaxErrorException: Unknown database &apos;inmoapp_development_test&apos;" type="org.javalite.activejdbc.InitException"><![CDATA[org.javalite.activejdbc.InitException: com.mysql.jdbc.exceptions.MySQLSyntaxErrorException: Unknown database 'inmoapp_development_test'
	at com.mysql.jdbc.SQLError.createSQLException(SQLError.java:936)
	at com.mysql.jdbc.MysqlIO.checkErrorPacket(MysqlIO.java:2870)
	at com.mysql.jdbc.MysqlIO.checkErrorPacket(MysqlIO.java:812)
	at com.mysql.jdbc.MysqlIO.secureAuth411(MysqlIO.java:3269)
	at com.mysql.jdbc.MysqlIO.doHandshake(MysqlIO.java:1182)
	at com.mysql.jdbc.Connection.createNewIO(Connection.java:2670)
	at com.mysql.jdbc.Connection.<init>(Connection.java:1531)
	at com.mysql.jdbc.NonRegisteringDriver.connect(NonRegisteringDriver.java:266)
	at java.sql.DriverManager.getConnection(DriverManager.java:620)
	at java.sql.DriverManager.getConnection(DriverManager.java:200)
	at org.javalite.activejdbc.DB.open(DB.java:64)
	at org.javalite.activejdbc.Base.open(Base.java:51)
	at com.unrc.app.OwnerSpec.before(OwnerSpec.java:16)
]]></error>
  </testcase>
  <testcase name="shouldValidateMandatoryFields" classname="com.unrc.app.OwnerSpec" time="0.01">
    <error message="Cannot rollback transaction, connection &apos;default&apos; not available" type="org.javalite.activejdbc.DBException">org.javalite.activejdbc.DBException: Cannot rollback transaction, connection 'default' not available
	at org.javalite.activejdbc.DB.rollbackTransaction(DB.java:587)
	at org.javalite.activejdbc.Base.rollbackTransaction(Base.java:296)
	at com.unrc.app.OwnerSpec.after(OwnerSpec.java:22)
</error>
  </testcase>
  <testcase name="shouldSaveRecord" classname="com.unrc.app.OwnerSpec" time="0.001">
    <error message="com.mysql.jdbc.exceptions.MySQLSyntaxErrorException: Unknown database &apos;inmoapp_development_test&apos;" type="org.javalite.activejdbc.InitException"><![CDATA[org.javalite.activejdbc.InitException: com.mysql.jdbc.exceptions.MySQLSyntaxErrorException: Unknown database 'inmoapp_development_test'
	at com.mysql.jdbc.SQLError.createSQLException(SQLError.java:936)
	at com.mysql.jdbc.MysqlIO.checkErrorPacket(MysqlIO.java:2870)
	at com.mysql.jdbc.MysqlIO.checkErrorPacket(MysqlIO.java:812)
	at com.mysql.jdbc.MysqlIO.secureAuth411(MysqlIO.java:3269)
	at com.mysql.jdbc.MysqlIO.doHandshake(MysqlIO.java:1182)
	at com.mysql.jdbc.Connection.createNewIO(Connection.java:2670)
	at com.mysql.jdbc.Connection.<init>(Connection.java:1531)
	at com.mysql.jdbc.NonRegisteringDriver.connect(NonRegisteringDriver.java:266)
	at java.sql.DriverManager.getConnection(DriverManager.java:620)
	at java.sql.DriverManager.getConnection(DriverManager.java:200)
	at org.javalite.activejdbc.DB.open(DB.java:64)
	at org.javalite.activejdbc.Base.open(Base.java:51)
	at com.unrc.app.OwnerSpec.before(OwnerSpec.java:16)
]]></error>
  </testcase>
  <testcase name="shouldSaveRecord" classname="com.unrc.app.OwnerSpec" time="0.002">
    <error message="Cannot rollback transaction, connection &apos;default&apos; not available" type="org.javalite.activejdbc.DBException">org.javalite.activejdbc.DBException: Cannot rollback transaction, connection 'default' not available
	at org.javalite.activejdbc.DB.rollbackTransaction(DB.java:587)
	at org.javalite.activejdbc.Base.rollbackTransaction(Base.java:296)
	at com.unrc.app.OwnerSpec.after(OwnerSpec.java:22)
</error>
  </testcase>
  <testcase name="shouldValidateMandatoryFields" classname="com.unrc.app.BuildingSpec" time="0.004">
    <error message="com.mysql.jdbc.exceptions.MySQLSyntaxErrorException: Unknown database &apos;inmoapp_development_test&apos;" type="org.javalite.activejdbc.InitException"><![CDATA[org.javalite.activejdbc.InitException: com.mysql.jdbc.exceptions.MySQLSyntaxErrorException: Unknown database 'inmoapp_development_test'
	at com.mysql.jdbc.SQLError.createSQLException(SQLError.java:936)
	at com.mysql.jdbc.MysqlIO.checkErrorPacket(MysqlIO.java:2870)
	at com.mysql.jdbc.MysqlIO.checkErrorPacket(MysqlIO.java:812)
	at com.mysql.jdbc.MysqlIO.secureAuth411(MysqlIO.java:3269)
	at com.mysql.jdbc.MysqlIO.doHandshake(MysqlIO.java:1182)
	at com.mysql.jdbc.Connection.createNewIO(Connection.java:2670)
	at com.mysql.jdbc.Connection.<init>(Connection.java:1531)
	at com.mysql.jdbc.NonRegisteringDriver.connect(NonRegisteringDriver.java:266)
	at java.sql.DriverManager.getConnection(DriverManager.java:620)
	at java.sql.DriverManager.getConnection(DriverManager.java:200)
	at org.javalite.activejdbc.DB.open(DB.java:64)
	at org.javalite.activejdbc.Base.open(Base.java:51)
	at com.unrc.app.BuildingSpec.before(BuildingSpec.java:16)
]]></error>
  </testcase>
  <testcase name="shouldValidateMandatoryFields" classname="com.unrc.app.BuildingSpec" time="0.005">
    <error message="Cannot rollback transaction, connection &apos;default&apos; not available" type="org.javalite.activejdbc.DBException">org.javalite.activejdbc.DBException: Cannot rollback transaction, connection 'default' not available
	at org.javalite.activejdbc.DB.rollbackTransaction(DB.java:587)
	at org.javalite.activejdbc.Base.rollbackTransaction(Base.java:296)
	at com.unrc.app.BuildingSpec.after(BuildingSpec.java:22)
</error>
  </testcase>
  <testcase name="shouldValidateMandatoryFields" classname="com.unrc.app.CitySpec" time="0.015">
    <error message="com.mysql.jdbc.exceptions.MySQLSyntaxErrorException: Unknown database &apos;inmoapp_development_test&apos;" type="org.javalite.activejdbc.InitException"><![CDATA[org.javalite.activejdbc.InitException: com.mysql.jdbc.exceptions.MySQLSyntaxErrorException: Unknown database 'inmoapp_development_test'
	at com.mysql.jdbc.SQLError.createSQLException(SQLError.java:936)
	at com.mysql.jdbc.MysqlIO.checkErrorPacket(MysqlIO.java:2870)
	at com.mysql.jdbc.MysqlIO.checkErrorPacket(MysqlIO.java:812)
	at com.mysql.jdbc.MysqlIO.secureAuth411(MysqlIO.java:3269)
	at com.mysql.jdbc.MysqlIO.doHandshake(MysqlIO.java:1182)
	at com.mysql.jdbc.Connection.createNewIO(Connection.java:2670)
	at com.mysql.jdbc.Connection.<init>(Connection.java:1531)
	at com.mysql.jdbc.NonRegisteringDriver.connect(NonRegisteringDriver.java:266)
	at java.sql.DriverManager.getConnection(DriverManager.java:620)
	at java.sql.DriverManager.getConnection(DriverManager.java:200)
	at org.javalite.activejdbc.DB.open(DB.java:64)
	at org.javalite.activejdbc.Base.open(Base.java:51)
	at com.unrc.app.CitySpec.before(CitySpec.java:16)
]]></error>
  </testcase>
  <testcase name="shouldValidateMandatoryFields" classname="com.unrc.app.CitySpec" time="0.016">
    <error message="Cannot rollback transaction, connection &apos;default&apos; not available" type="org.javalite.activejdbc.DBException">org.javalite.activejdbc.DBException: Cannot rollback transaction, connection 'default' not available
	at org.javalite.activejdbc.DB.rollbackTransaction(DB.java:587)
	at org.javalite.activejdbc.Base.rollbackTransaction(Base.java:296)
	at com.unrc.app.CitySpec.after(CitySpec.java:22)
</error>
  </testcase>
  <testcase name="shouldValidateMandatoryFields" classname="com.unrc.app.RealEstateSpec" time="0.007">
    <error message="com.mysql.jdbc.exceptions.MySQLSyntaxErrorException: Unknown database &apos;inmoapp_development_test&apos;" type="org.javalite.activejdbc.InitException"><![CDATA[org.javalite.activejdbc.InitException: com.mysql.jdbc.exceptions.MySQLSyntaxErrorException: Unknown database 'inmoapp_development_test'
	at com.mysql.jdbc.SQLError.createSQLException(SQLError.java:936)
	at com.mysql.jdbc.MysqlIO.checkErrorPacket(MysqlIO.java:2870)
	at com.mysql.jdbc.MysqlIO.checkErrorPacket(MysqlIO.java:812)
	at com.mysql.jdbc.MysqlIO.secureAuth411(MysqlIO.java:3269)
	at com.mysql.jdbc.MysqlIO.doHandshake(MysqlIO.java:1182)
	at com.mysql.jdbc.Connection.createNewIO(Connection.java:2670)
	at com.mysql.jdbc.Connection.<init>(Connection.java:1531)
	at com.mysql.jdbc.NonRegisteringDriver.connect(NonRegisteringDriver.java:266)
	at java.sql.DriverManager.getConnection(DriverManager.java:620)
	at java.sql.DriverManager.getConnection(DriverManager.java:200)
	at org.javalite.activejdbc.DB.open(DB.java:64)
	at org.javalite.activejdbc.Base.open(Base.java:51)
	at com.unrc.app.RealEstateSpec.before(RealEstateSpec.java:16)
]]></error>
  </testcase>
  <testcase name="shouldValidateMandatoryFields" classname="com.unrc.app.RealEstateSpec" time="0.008">
    <error message="Cannot rollback transaction, connection &apos;default&apos; not available" type="org.javalite.activejdbc.DBException">org.javalite.activejdbc.DBException: Cannot rollback transaction, connection 'default' not available
	at org.javalite.activejdbc.DB.rollbackTransaction(DB.java:587)
	at org.javalite.activejdbc.Base.rollbackTransaction(Base.java:296)
	at com.unrc.app.RealEstateSpec.after(RealEstateSpec.java:22)
</error>
  </testcase>
</testsuite>